Symptom : tremor--> Number : 4
Symptom : dizziness--> Number : 5
Symptom : blindness--> Number : 1
Symptom : constricted pupils--> Number : 3
Symptom : fever--> Number : 7
Symptom : stiff neck--> Number : 4
Symptom : cough--> Number : 6
Symptom : insomnia--> Number : 4
Symptom : nausea--> Number : 5
Symptom : low blood pressure--> Number : 4
Symptom : rapid heart rate--> Number : 1
Symptom : dry mouth--> Number : 8
Symptom : anxiety--> Number : 5
Symptom : rash--> Number : 4
Symptom : shortness of breath--> Number : 3
Symptom : arrhythmias--> Number : 3
Symptom : inflamation--> Number : 7
Symptom : high blood pressure--> Number : 10
Symptom : water retention--> Number : 1
Symptom : dialated pupils--> Number : 4
Symptom : headache--> Number : 3
Symptom : stomach pain--> Number : 3
Symptom : blurred vision--> Number : 5
Symptom : tremor--> Number : 4
Symptom : dizziness--> Number : 5
Symptom : blindness--> Number : 1
Symptom : constricted pupils--> Number : 3
Symptom : fever--> Number : 7
Symptom : stiff neck--> Number : 4
Symptom : cough--> Number : 6
Symptom : insomnia--> Number : 4
Symptom : nausea--> Number : 5
Symptom : low blood pressure--> Number : 4
Symptom : rapid heart rate--> Number : 1
Symptom : dry mouth--> Number : 8
Symptom : anxiety--> Number : 5
Symptom : rash--> Number : 4
Symptom : shortness of breath--> Number : 3
Symptom : arrhythmias--> Number : 3
Symptom : inflamation--> Number : 7
Symptom : high blood pressure--> Number : 10
Symptom : water retention--> Number : 1
Symptom : dialated pupils--> Number : 4
Symptom : headache--> Number : 3
Symptom : stomach pain--> Number : 3
Symptom : blurred vision--> Number : 5
